# JRE version: OpenJDK Runtime Environment (11.0.11+9) (build 11.0.11+9-b60-7590822)
# Java VM: OpenJDK 64-Bit Server VM (11.0.11+9-b60-7590822, mixed mode, tiered, compressed oops, g1 gc, windows-amd64)
Heap:
 garbage-first heap   total 262144K, used 146338K [0x00000000e0000000, 0x0000000100000000)
  region size 1024K, 86 young (88064K), 5 survivors (5120K)
 Metaspace       used 86396K, capacity 89008K, committed 89292K, reserved 331776K
  class space    used 11242K, capacity 12216K, committed 12288K, reserved 253952K
GC Heap History (20 events):
Event: 6.488 GC heap before
{Heap before GC invocations=7 (full 0):
 garbage-first heap   total 262144K, used 140158K [0x00000000e0000000, 0x0000000100000000)
  region size 1024K, 119 young (121856K), 6 survivors (6144K)
 Metaspace       used 42835K, capacity 43788K, committed 43904K, reserved 292864K
  class space    used 5541K, capacity 5907K, committed 6016K, reserved 253952K
}
Event: 6.500 GC heap after
{Heap after GC invocations=8 (full 0):
 garbage-first heap   total 262144K, used 29820K [0x00000000e0000000, 0x0000000100000000)
  region size 1024K, 13 young (13312K), 13 survivors (13312K)
 Metaspace       used 42835K, capacity 43788K, committed 43904K, reserved 292864K
  class space    used 5541K, capacity 5907K, committed 6016K, reserved 253952K
}
Event: 7.301 GC heap before
{Heap before GC invocations=8 (full 0):
 garbage-first heap   total 262144K, used 158844K [0x00000000e0000000, 0x0000000100000000)
  region size 1024K, 139 young (142336K), 13 survivors (13312K)
 Metaspace       used 46894K, capacity 48027K, committed 48128K, reserved 296960K
  class space    used 5924K, capacity 6374K, committed 6400K, reserved 253952K
}
Event: 7.315 GC heap after
{Heap after GC invocations=9 (full 0):
 garbage-first heap   total 262144K, used 36644K [0x00000000e0000000, 0x0000000100000000)
  region size 1024K, 15 young (15360K), 15 survivors (15360K)
 Metaspace       used 46894K, capacity 48027K, committed 48128K, reserved 296960K
  class space    used 5924K, capacity 6374K, committed 6400K, reserved 253952K
}
Event: 8.747 GC heap before
{Heap before GC invocations=9 (full 0):
 garbage-first heap   total 262144K, used 171812K [0x00000000e0000000, 0x0000000100000000)
  region size 1024K, 147 young (150528K), 15 survivors (15360K)
 Metaspace       used 56032K, capacity 57506K, committed 57856K, reserved 305152K
  class space    used 7242K, capacity 7811K, committed 7936K, reserved 253952K
}
Event: 8.763 GC heap after
{Heap after GC invocations=10 (full 0):
 garbage-first heap   total 262144K, used 41984K [0x00000000e0000000, 0x0000000100000000)
  region size 1024K, 13 young (13312K), 13 survivors (13312K)
 Metaspace       used 56032K, capacity 57506K, committed 57856K, reserved 305152K
  class space    used 7242K, capacity 7811K, committed 7936K, reserved 253952K
}
Event: 8.980 GC heap before
{Heap before GC invocations=10 (full 0):
 garbage-first heap   total 262144K, used 59392K [0x00000000e0000000, 0x0000000100000000)
  region size 1024K, 31 young (31744K), 13 survivors (13312K)
 Metaspace       used 58511K, capacity 60103K, committed 60160K, reserved 307200K
  class space    used 7599K, capacity 8164K, committed 8192K, reserved 253952K
}
Event: 8.991 GC heap after
{Heap after GC invocations=11 (full 0):
 garbage-first heap   total 262144K, used 43312K [0x00000000e0000000, 0x0000000100000000)
  region size 1024K, 7 young (7168K), 7 survivors (7168K)
 Metaspace       used 58511K, capacity 60103K, committed 60160K, reserved 307200K
  class space    used 7599K, capacity 8164K, committed 8192K, reserved 253952K
}
Event: 10.626 GC heap before
{Heap before GC invocations=12 (full 0):
 garbage-first heap   total 262144K, used 190768K [0x00000000e0000000, 0x0000000100000000)
  region size 1024K, 147 young (150528K), 7 survivors (7168K)
 Metaspace       used 67983K, capacity 70209K, committed 70348K, reserved 315392K
  class space    used 8903K, capacity 9650K, committed 9728K, reserved 253952K
}
Event: 10.637 GC heap after
{Heap after GC invocations=13 (full 0):
 garbage-first heap   total 262144K, used 57785K [0x00000000e0000000, 0x0000000100000000)
  region size 1024K, 17 young (17408K), 17 survivors (17408K)
 Metaspace       used 67983K, capacity 70209K, committed 70348K, reserved 315392K
  class space    used 8903K, capacity 9650K, committed 9728K, reserved 253952K
}
Event: 11.735 GC heap before
{Heap before GC invocations=13 (full 0):
 garbage-first heap   total 262144K, used 192953K [0x00000000e0000000, 0x0000000100000000)
  region size 1024K, 150 young (153600K), 17 survivors (17408K)
 Metaspace       used 73969K, capacity 76207K, committed 76492K, reserved 321536K
  class space    used 9642K, capacity 10449K, committed 10496K, reserved 253952K
}
Event: 11.748 GC heap after
{Heap after GC invocations=14 (full 0):
 garbage-first heap   total 262144K, used 62956K [0x00000000e0000000, 0x0000000100000000)
  region size 1024K, 6 young (6144K), 6 survivors (6144K)
 Metaspace       used 73969K, capacity 76207K, committed 76492K, reserved 321536K
  class space    used 9642K, capacity 10449K, committed 10496K, reserved 253952K
}
Event: 12.971 GC heap before
{Heap before GC invocations=14 (full 0):
 garbage-first heap   total 262144K, used 198124K [0x00000000e0000000, 0x0000000100000000)
  region size 1024K, 139 young (142336K), 6 survivors (6144K)
 Metaspace       used 82028K, capacity 84313K, committed 84428K, reserved 327680K
  class space    used 10617K, capacity 11414K, committed 11520K, reserved 253952K
}
Event: 12.977 GC heap after
{Heap after GC invocations=15 (full 0):
 garbage-first heap   total 262144K, used 65050K [0x00000000e0000000, 0x0000000100000000)
  region size 1024K, 8 young (8192K), 8 survivors (8192K)
 Metaspace       used 82028K, capacity 84313K, committed 84428K, reserved 327680K
  class space    used 10617K, capacity 11414K, committed 11520K, reserved 253952K
}
Event: 15.037 GC heap before
{Heap before GC invocations=15 (full 0):
 garbage-first heap   total 262144K, used 206362K [0x00000000e0000000, 0x0000000100000000)
  region size 1024K, 143 young (146432K), 8 survivors (8192K)
 Metaspace       used 82154K, capacity 84428K, committed 84684K, reserved 327680K
  class space    used 10623K, capacity 11452K, committed 11520K, reserved 253952K
}
Event: 15.043 GC heap after
{Heap after GC invocations=16 (full 0):
 garbage-first heap   total 262144K, used 70646K [0x00000000e0000000, 0x0000000100000000)
  region size 1024K, 11 young (11264K), 11 survivors (11264K)
 Metaspace       used 82154K, capacity 84428K, committed 84684K, reserved 327680K
  class space    used 10623K, capacity 11452K, committed 11520K, reserved 253952K
}
Event: 15.464 GC heap before
{Heap before GC invocations=16 (full 0):
 garbage-first heap   total 262144K, used 208886K [0x00000000e0000000, 0x0000000100000000)
  region size 1024K, 146 young (149504K), 11 survivors (11264K)
 Metaspace       used 82181K, capacity 84428K, committed 84684K, reserved 327680K
  class space    used 10627K, capacity 11452K, committed 11520K, reserved 253952K
}
Event: 15.470 GC heap after
{Heap after GC invocations=17 (full 0):
 garbage-first heap   total 262144K, used 72137K [0x00000000e0000000, 0x0000000100000000)
  region size 1024K, 12 young (12288K), 12 survivors (12288K)
 Metaspace       used 82181K, capacity 84428K, committed 84684K, reserved 327680K
  class space    used 10627K, capacity 11452K, committed 11520K, reserved 253952K
}
Event: 15.937 GC heap before
{Heap before GC invocations=17 (full 0):
 garbage-first heap   total 262144K, used 212425K [0x00000000e0000000, 0x0000000100000000)
  region size 1024K, 149 young (152576K), 12 survivors (12288K)
 Metaspace       used 82182K, capacity 84428K, committed 84684K, reserved 327680K
  class space    used 10627K, capacity 11452K, committed 11520K, reserved 253952K
}
Event: 15.943 GC heap after
{Heap after GC invocations=18 (full 0):
 garbage-first heap   total 262144K, used 65442K [0x00000000e0000000, 0x0000000100000000)
  region size 1024K, 5 young (5120K), 5 survivors (5120K)
 Metaspace       used 82182K, capacity 84428K, committed 84684K, reserved 327680K
  class space    used 10627K, capacity 11452K, committed 11520K, reserved 253952K
}

